0 info it worked if it ends with ok
1 verbose cli [ '/usr/local/Cellar/node/5.0.0/bin/node',
1 verbose cli   '/usr/local/bin/npm',
<<<<<<< HEAD
1 verbose cli   'run',
1 verbose cli   'tsc:w' ]
2 info using npm@3.3.9
3 info using node@v5.0.0
<<<<<<< HEAD
4 verbose run-script [ 'pretsc:w', 'tsc:w', 'posttsc:w' ]
5 info lifecycle angular2-quickstart@1.0.0~pretsc:w: angular2-quickstart@1.0.0
6 silly lifecycle angular2-quickstart@1.0.0~pretsc:w: no script for pretsc:w, continuing
7 info lifecycle angular2-quickstart@1.0.0~tsc:w: angular2-quickstart@1.0.0
8 verbose lifecycle angular2-quickstart@1.0.0~tsc:w: unsafe-perm in lifecycle true
9 verbose lifecycle angular2-quickstart@1.0.0~tsc:w: PATH: /usr/local/lib/node_modules/npm/bin/node-gyp-bin:/Users/mac/unityProjects/juvikGG/node_modules/.bin:/usr/local/lib/node_modules/npm/bin/node-gyp-bin:/Users/mac/unityProjects/juvikGG/node_modules/.bin:/usr/local/bin:/usr/bin:/bin:/usr/sbin:/sbin:/opt/X11/bin:/Applications/Intel/INDE/IDEIntegration/NDK:/Applications/Intel/INDE/IDEIntegration/ADT/sdk/tools:/Applications/Intel/INDE/IDEIntegration/ADT/sdk/platform-tools:/Applications/Intel/INDE/IDEIntegration/Ant/bin
10 verbose lifecycle angular2-quickstart@1.0.0~tsc:w: CWD: /Users/mac/unityProjects/juvikGG
11 silly lifecycle angular2-quickstart@1.0.0~tsc:w: Args: [ '-c', 'tsc -w' ]
12 silly lifecycle angular2-quickstart@1.0.0~tsc:w: Returned: code: 1  signal: null
13 info lifecycle angular2-quickstart@1.0.0~tsc:w: Failed to exec tsc:w script
14 verbose stack Error: angular2-quickstart@1.0.0 tsc:w: `tsc -w`
14 verbose stack Exit status 1
=======
=======
1 verbose cli   'start' ]
2 info using npm@3.3.9
3 info using node@v5.0.0
>>>>>>> origin/master
4 verbose run-script [ 'prestart', 'start', 'poststart' ]
5 info lifecycle angular2-quickstart@1.0.0~prestart: angular2-quickstart@1.0.0
6 silly lifecycle angular2-quickstart@1.0.0~prestart: no script for prestart, continuing
7 info lifecycle angular2-quickstart@1.0.0~start: angular2-quickstart@1.0.0
8 verbose lifecycle angular2-quickstart@1.0.0~start: unsafe-perm in lifecycle true
<<<<<<< HEAD
9 verbose lifecycle angular2-quickstart@1.0.0~start: PATH: /usr/local/lib/node_modules/npm/bin/node-gyp-bin:/Users/mac/unityProjects/juvikGG/node_modules/.bin:/usr/local/bin:/usr/bin:/bin:/usr/sbin:/sbin:/opt/X11/bin:/Applications/Intel/INDE/IDEIntegration/NDK:/Applications/Intel/INDE/IDEIntegration/ADT/sdk/tools:/Applications/Intel/INDE/IDEIntegration/ADT/sdk/platform-tools:/Applications/Intel/INDE/IDEIntegration/Ant/bin
10 verbose lifecycle angular2-quickstart@1.0.0~start: CWD: /Users/mac/unityProjects/juvikGG
11 silly lifecycle angular2-quickstart@1.0.0~start: Args: [ '-c',
11 silly lifecycle   'tsc && concurrently "npm run tsc:w" "node server.js" ' ]
12 silly lifecycle angular2-quickstart@1.0.0~start: Returned: code: 2  signal: null
13 info lifecycle angular2-quickstart@1.0.0~start: Failed to exec start script
14 verbose stack Error: angular2-quickstart@1.0.0 start: `tsc && concurrently "npm run tsc:w" "node server.js" `
14 verbose stack Exit status 2
>>>>>>> openshift
=======
9 verbose lifecycle angular2-quickstart@1.0.0~start: PATH: /usr/local/lib/node_modules/npm/bin/node-gyp-bin:/Users/mac/unityProjects/juvikGGToShow/node_modules/.bin:/usr/local/bin:/usr/bin:/bin:/usr/sbin:/sbin:/opt/X11/bin:/Applications/Intel/INDE/IDEIntegration/NDK:/Applications/Intel/INDE/IDEIntegration/ADT/sdk/tools:/Applications/Intel/INDE/IDEIntegration/ADT/sdk/platform-tools:/Applications/Intel/INDE/IDEIntegration/Ant/bin
10 verbose lifecycle angular2-quickstart@1.0.0~start: CWD: /Users/mac/unityProjects/juvikGGToShow
11 silly lifecycle angular2-quickstart@1.0.0~start: Args: [ '-c', 'tsc && concurrently "npm run tsc:w" "npm run lite" ' ]
12 silly lifecycle angular2-quickstart@1.0.0~start: Returned: code: 2  signal: null
13 info lifecycle angular2-quickstart@1.0.0~start: Failed to exec start script
14 verbose stack Error: angular2-quickstart@1.0.0 start: `tsc && concurrently "npm run tsc:w" "npm run lite" `
14 verbose stack Exit status 2
>>>>>>> origin/master
14 verbose stack     at EventEmitter.<anonymous> (/usr/local/lib/node_modules/npm/lib/utils/lifecycle.js:233:16)
14 verbose stack     at emitTwo (events.js:87:13)
14 verbose stack     at EventEmitter.emit (events.js:172:7)
14 verbose stack     at ChildProcess.<anonymous> (/usr/local/lib/node_modules/npm/lib/utils/spawn.js:24:14)
14 verbose stack     at emitTwo (events.js:87:13)
14 verbose stack     at ChildProcess.emit (events.js:172:7)
14 verbose stack     at maybeClose (internal/child_process.js:818:16)
14 verbose stack     at Process.ChildProcess._handle.onexit (internal/child_process.js:211:5)
15 verbose pkgid angular2-quickstart@1.0.0
<<<<<<< HEAD
16 verbose cwd /Users/mac/unityProjects/juvikGG
17 error Darwin 15.0.0
18 error argv "/usr/local/Cellar/node/5.0.0/bin/node" "/usr/local/bin/npm" "run" "tsc:w"
19 error node v5.0.0
20 error npm  v3.3.9
21 error code ELIFECYCLE
<<<<<<< HEAD
22 error angular2-quickstart@1.0.0 tsc:w: `tsc -w`
22 error Exit status 1
23 error Failed at the angular2-quickstart@1.0.0 tsc:w script 'tsc -w'.
23 error This is most likely a problem with the angular2-quickstart package,
23 error not with npm itself.
23 error Tell the author that this fails on your system:
23 error     tsc -w
=======
22 error angular2-quickstart@1.0.0 start: `tsc && concurrently "npm run tsc:w" "node server.js" `
22 error Exit status 2
23 error Failed at the angular2-quickstart@1.0.0 start script 'tsc && concurrently "npm run tsc:w" "node server.js" '.
23 error This is most likely a problem with the angular2-quickstart package,
23 error not with npm itself.
23 error Tell the author that this fails on your system:
23 error     tsc && concurrently "npm run tsc:w" "node server.js"
>>>>>>> openshift
=======
16 verbose cwd /Users/mac/unityProjects/juvikGGToShow
17 error Darwin 15.0.0
18 error argv "/usr/local/Cellar/node/5.0.0/bin/node" "/usr/local/bin/npm" "start"
19 error node v5.0.0
20 error npm  v3.3.9
21 error code ELIFECYCLE
22 error angular2-quickstart@1.0.0 start: `tsc && concurrently "npm run tsc:w" "npm run lite" `
22 error Exit status 2
23 error Failed at the angular2-quickstart@1.0.0 start script 'tsc && concurrently "npm run tsc:w" "npm run lite" '.
23 error This is most likely a problem with the angular2-quickstart package,
23 error not with npm itself.
23 error Tell the author that this fails on your system:
23 error     tsc && concurrently "npm run tsc:w" "npm run lite"
>>>>>>> origin/master
23 error You can get their info via:
23 error     npm owner ls angular2-quickstart
23 error There is likely additional logging output above.
24 verbose exit [ 1, true ]
